[35m[1mConsolidate compiler generated dependencies of target udp_joy_node[0m
[ 50%] [32mBuilding CXX object CMakeFiles/udp_joy_node.dir/src/udp_joy_node.cpp.o[0m
In file included from [01m[K/opt/ros/humble/include/rclcpp/rclcpp/logging.hpp:24[m[K,
                 from [01m[K/opt/ros/humble/include/rclcpp/rclcpp/client.hpp:40[m[K,
                 from [01m[K/opt/ros/humble/include/rclcpp/rclcpp/callback_group.hpp:24[m[K,
                 from [01m[K/opt/ros/humble/include/rclcpp/rclcpp/any_executable.hpp:20[m[K,
                 from [01m[K/opt/ros/humble/include/rclcpp/rclcpp/memory_strategy.hpp:25[m[K,
                 from [01m[K/opt/ros/humble/include/rclcpp/rclcpp/memory_strategies.hpp:18[m[K,
                 from [01m[K/opt/ros/humble/include/rclcpp/rclcpp/executor_options.hpp:20[m[K,
                 from [01m[K/opt/ros/humble/include/rclcpp/rclcpp/executor.hpp:37[m[K,
                 from [01m[K/opt/ros/humble/include/rclcpp/rclcpp/executors/multi_threaded_executor.hpp:25[m[K,
                 from [01m[K/opt/ros/humble/include/rclcpp/rclcpp/executors.hpp:21[m[K,
                 from [01m[K/opt/ros/humble/include/rclcpp/rclcpp/rclcpp.hpp:155[m[K,
                 from [01m[K/home/ares/ares_code_projects/R1/src/remote_rc_node/src/udp_joy_node.cpp:1[m[K:
[01m[K/home/ares/ares_code_projects/R1/src/remote_rc_node/src/udp_joy_node.cpp:[m[K In function â€˜[01m[Kint main(int, char**)[m[Kâ€™:
[01m[K/home/ares/ares_code_projects/R1/src/remote_rc_node/src/udp_joy_node.cpp:72:51:[m[K [01;31m[Kerror: [m[Kâ€˜[01m[Kch_count[m[Kâ€™ was not declared in this scope
   72 |   RCLCPP_INFO(node->get_logger(), "ch_count: %d", [01;31m[Kch_count[m[K);
      |                                                   [01;31m[K^~~~~~~~[m[K
[01m[K/home/ares/ares_code_projects/R1/src/remote_rc_node/src/udp_joy_node.cpp:81:9:[m[K [01;31m[Kerror: [m[Kâ€˜[01m[Kjoy_msg[m[Kâ€™ was not declared in this scope
   81 |         [01;31m[Kjoy_msg[m[K.axes.resize(max_axis + 1, 0.0f);
      |         [01;31m[K^~~~~~~[m[K
gmake[2]: *** [CMakeFiles/udp_joy_node.dir/build.make:76: CMakeFiles/udp_joy_node.dir/src/udp_joy_node.cpp.o] Error 1
gmake[1]: *** [CMakeFiles/Makefile2:137: CMakeFiles/udp_joy_node.dir/all] Error 2
gmake: *** [Makefile:146: all] Error 2
