[0.300s] Invoking command in '/home/ares/ares_code_projects/R1/build/remote_rc_node': CMAKE_PREFIX_PATH=${CMAKE_PREFIX_PATH}:/home/ares/Desktop/dog/install/omni_mpc_controller:/home/ares/Desktop/dog/install/laser:/home/ares/ares_code_projects/R1/install/omni_mpc_controller:/home/ares/ares_code_projects/R1/install/laser:/opt/ros/humble CONDA_PROMPT_MODIFIER=(base) /usr/bin/cmake --build /home/ares/ares_code_projects/R1/build/remote_rc_node -- -j16 -l16
[0.322s] [35m[1mConsolidate compiler generated dependencies of target udp_joy_node[0m
[0.333s] [ 50%] [32mBuilding CXX object CMakeFiles/udp_joy_node.dir/src/udp_joy_node.cpp.o[0m
[1.641s] In file included from [01m[K/opt/ros/humble/include/rclcpp/rclcpp/logging.hpp:24[m[K,
[1.641s]                  from [01m[K/opt/ros/humble/include/rclcpp/rclcpp/client.hpp:40[m[K,
[1.641s]                  from [01m[K/opt/ros/humble/include/rclcpp/rclcpp/callback_group.hpp:24[m[K,
[1.641s]                  from [01m[K/opt/ros/humble/include/rclcpp/rclcpp/any_executable.hpp:20[m[K,
[1.641s]                  from [01m[K/opt/ros/humble/include/rclcpp/rclcpp/memory_strategy.hpp:25[m[K,
[1.641s]                  from [01m[K/opt/ros/humble/include/rclcpp/rclcpp/memory_strategies.hpp:18[m[K,
[1.641s]                  from [01m[K/opt/ros/humble/include/rclcpp/rclcpp/executor_options.hpp:20[m[K,
[1.641s]                  from [01m[K/opt/ros/humble/include/rclcpp/rclcpp/executor.hpp:37[m[K,
[1.641s]                  from [01m[K/opt/ros/humble/include/rclcpp/rclcpp/executors/multi_threaded_executor.hpp:25[m[K,
[1.641s]                  from [01m[K/opt/ros/humble/include/rclcpp/rclcpp/executors.hpp:21[m[K,
[1.642s]                  from [01m[K/opt/ros/humble/include/rclcpp/rclcpp/rclcpp.hpp:155[m[K,
[1.642s]                  from [01m[K/home/ares/ares_code_projects/R1/src/remote_rc_node/src/udp_joy_node.cpp:1[m[K:
[1.642s] [01m[K/home/ares/ares_code_projects/R1/src/remote_rc_node/src/udp_joy_node.cpp:[m[K In function â€˜[01m[Kint main(int, char**)[m[Kâ€™:
[1.642s] [01m[K/home/ares/ares_code_projects/R1/src/remote_rc_node/src/udp_joy_node.cpp:72:51:[m[K [01;31m[Kerror: [m[Kâ€˜[01m[Kch_count[m[Kâ€™ was not declared in this scope
[1.642s]    72 |   RCLCPP_INFO(node->get_logger(), "ch_count: %d", [01;31m[Kch_count[m[K);
[1.642s]       |                                                   [01;31m[K^~~~~~~~[m[K
[1.644s] [01m[K/home/ares/ares_code_projects/R1/src/remote_rc_node/src/udp_joy_node.cpp:81:9:[m[K [01;31m[Kerror: [m[Kâ€˜[01m[Kjoy_msg[m[Kâ€™ was not declared in this scope
[1.644s]    81 |         [01;31m[Kjoy_msg[m[K.axes.resize(max_axis + 1, 0.0f);
[1.644s]       |         [01;31m[K^~~~~~~[m[K
[2.575s] gmake[2]: *** [CMakeFiles/udp_joy_node.dir/build.make:76: CMakeFiles/udp_joy_node.dir/src/udp_joy_node.cpp.o] Error 1
[2.575s] gmake[1]: *** [CMakeFiles/Makefile2:137: CMakeFiles/udp_joy_node.dir/all] Error 2
[2.575s] gmake: *** [Makefile:146: all] Error 2
[2.577s] Invoked command in '/home/ares/ares_code_projects/R1/build/remote_rc_node' returned '2': CMAKE_PREFIX_PATH=${CMAKE_PREFIX_PATH}:/home/ares/Desktop/dog/install/omni_mpc_controller:/home/ares/Desktop/dog/install/laser:/home/ares/ares_code_projects/R1/install/omni_mpc_controller:/home/ares/ares_code_projects/R1/install/laser:/opt/ros/humble CONDA_PROMPT_MODIFIER=(base) /usr/bin/cmake --build /home/ares/ares_code_projects/R1/build/remote_rc_node -- -j16 -l16
